  compilation header save succeeded; see C:\Users\daniel\Desktop\Coding Projects\2_games\shooter game\Engine\FramebufferPS.shh
  compilation header save succeeded; see C:\Users\daniel\Desktop\Coding Projects\2_games\shooter game\Engine\FramebufferVS.shh
  Bullet_enemy.cpp
  Bullet_player.cpp
  Enemy.cpp
  Player.cpp
  DXErr.cpp
  Game.cpp
  Graphics.cpp
  Keyboard.cpp
  Main.cpp
  MainWindow.cpp
C:\Users\daniel\Desktop\Coding Projects\2_games\shooter game\Engine\Game.cpp(36,12): warning C4244: 'argument': conversion from 'time_t' to 'unsigned int', possible loss of data
C:\Users\daniel\Desktop\Coding Projects\2_games\shooter game\Engine\Game.cpp(124,32): warning C4156: deletion of an array expression without using the array form of 'delete'; array form substituted
C:\Users\daniel\Desktop\Coding Projects\2_games\shooter game\Engine\Game.cpp(124,32): warning C4154: deletion of an array expression; conversion to pointer supplied
  Mouse.cpp
C:\Users\daniel\Desktop\Coding Projects\2_games\shooter game\Engine\Enemy.h(30,33): warning C4244: '=': conversion from 'const float' to 'int', possible loss of data (compiling source file Enemy.cpp)
C:\Users\daniel\Desktop\Coding Projects\2_games\shooter game\Engine\Enemy.cpp(99,24): warning C4244: 'initializing': conversion from 'double' to 'float', possible loss of data
C:\Users\daniel\Desktop\Coding Projects\2_games\shooter game\Engine\Enemy.cpp(100,55): warning C4244: 'argument': conversion from 'float' to 'unsigned char', possible loss of data
C:\Users\daniel\Desktop\Coding Projects\2_games\shooter game\Engine\Enemy.cpp(101,55): warning C4244: 'argument': conversion from 'float' to 'unsigned char', possible loss of data
C:\Users\daniel\Desktop\Coding Projects\2_games\shooter game\Engine\Enemy.cpp(102,55): warning C4244: 'argument': conversion from 'float' to 'unsigned char', possible loss of data
C:\Users\daniel\Desktop\Coding Projects\2_games\shooter game\Engine\Enemy.cpp(104,55): warning C4244: 'argument': conversion from 'float' to 'unsigned char', possible loss of data
C:\Users\daniel\Desktop\Coding Projects\2_games\shooter game\Engine\Enemy.cpp(105,55): warning C4244: 'argument': conversion from 'float' to 'unsigned char', possible loss of data
C:\Users\daniel\Desktop\Coding Projects\2_games\shooter game\Engine\Enemy.cpp(106,55): warning C4244: 'argument': conversion from 'float' to 'unsigned char', possible loss of data
C:\Users\daniel\Desktop\Coding Projects\2_games\shooter game\Engine\Enemy.cpp(345,19): warning C4244: 'initializing': conversion from 'int' to 'float', possible loss of data
C:\Users\daniel\Desktop\Coding Projects\2_games\shooter game\Engine\Enemy.cpp(346,19): warning C4244: 'initializing': conversion from 'int' to 'float', possible loss of data
C:\Users\daniel\Desktop\Coding Projects\2_games\shooter game\Engine\Bullet_enemy.cpp(13,19): warning C4244: 'initializing': conversion from 'int' to 'float', possible loss of data
C:\Users\daniel\Desktop\Coding Projects\2_games\shooter game\Engine\Bullet_enemy.cpp(14,19): warning C4244: 'initializing': conversion from 'int' to 'float', possible loss of data
C:\Users\daniel\Desktop\Coding Projects\2_games\shooter game\Engine\Bullet_enemy.cpp(18,9): warning C4244: '=': conversion from 'const int' to 'float', possible loss of data
C:\Users\daniel\Desktop\Coding Projects\2_games\shooter game\Engine\Bullet_enemy.cpp(20,9): warning C4244: '=': conversion from 'const int' to 'float', possible loss of data
C:\Users\daniel\Desktop\Coding Projects\2_games\shooter game\Engine\Bullet_enemy.cpp(44,9): warning C4244: '+=': conversion from 'float' to 'int', possible loss of data
C:\Users\daniel\Desktop\Coding Projects\2_games\shooter game\Engine\Bullet_enemy.cpp(45,9): warning C4244: '+=': conversion from 'float' to 'int', possible loss of data
C:\Users\daniel\Desktop\Coding Projects\2_games\shooter game\Engine\Bullet_player.cpp(16,19): warning C4244: 'initializing': conversion from 'int' to 'float', possible loss of data
C:\Users\daniel\Desktop\Coding Projects\2_games\shooter game\Engine\Bullet_player.cpp(17,19): warning C4244: 'initializing': conversion from 'int' to 'float', possible loss of data
C:\Users\daniel\Desktop\Coding Projects\2_games\shooter game\Engine\Bullet_player.cpp(21,9): warning C4244: '=': conversion from 'const int' to 'float', possible loss of data
C:\Users\daniel\Desktop\Coding Projects\2_games\shooter game\Engine\Bullet_player.cpp(23,9): warning C4244: '=': conversion from 'const int' to 'float', possible loss of data
C:\Users\daniel\Desktop\Coding Projects\2_games\shooter game\Engine\Bullet_player.cpp(48,9): warning C4244: '+=': conversion from 'float' to 'int', possible loss of data
C:\Users\daniel\Desktop\Coding Projects\2_games\shooter game\Engine\Bullet_player.cpp(49,9): warning C4244: '+=': conversion from 'float' to 'int', possible loss of data
C:\Users\daniel\Desktop\Coding Projects\2_games\shooter game\Engine\Player.cpp(45,17): warning C4244: '-=': conversion from 'float' to 'int', possible loss of data
C:\Users\daniel\Desktop\Coding Projects\2_games\shooter game\Engine\Player.cpp(50,19): warning C4244: '-=': conversion from 'float' to 'int', possible loss of data
C:\Users\daniel\Desktop\Coding Projects\2_games\shooter game\Engine\Player.cpp(55,19): warning C4244: '+=': conversion from 'float' to 'int', possible loss of data
C:\Users\daniel\Desktop\Coding Projects\2_games\shooter game\Engine\Player.cpp(60,19): warning C4244: '+=': conversion from 'float' to 'int', possible loss of data
C:\Users\daniel\Desktop\Coding Projects\2_games\shooter game\Engine\Player.cpp(65,9): warning C4244: '+=': conversion from 'double' to 'int', possible loss of data
C:\Users\daniel\Desktop\Coding Projects\2_games\shooter game\Engine\Player.cpp(66,9): warning C4244: '+=': conversion from 'double' to 'int', possible loss of data
C:\Users\daniel\Desktop\Coding Projects\2_games\shooter game\Engine\Player.cpp(116,25): warning C4244: 'initializing': conversion from 'double' to 'float', possible loss of data
C:\Users\daniel\Desktop\Coding Projects\2_games\shooter game\Engine\Player.cpp(117,56): warning C4244: 'argument': conversion from 'float' to 'unsigned char', possible loss of data
C:\Users\daniel\Desktop\Coding Projects\2_games\shooter game\Engine\Player.cpp(118,56): warning C4244: 'argument': conversion from 'float' to 'unsigned char', possible loss of data
C:\Users\daniel\Desktop\Coding Projects\2_games\shooter game\Engine\Player.cpp(119,56): warning C4244: 'argument': conversion from 'float' to 'unsigned char', possible loss of data
C:\Users\daniel\Desktop\Coding Projects\2_games\shooter game\Engine\Player.cpp(121,56): warning C4244: 'argument': conversion from 'float' to 'unsigned char', possible loss of data
C:\Users\daniel\Desktop\Coding Projects\2_games\shooter game\Engine\Player.cpp(122,56): warning C4244: 'argument': conversion from 'float' to 'unsigned char', possible loss of data
C:\Users\daniel\Desktop\Coding Projects\2_games\shooter game\Engine\Player.cpp(123,56): warning C4244: 'argument': conversion from 'float' to 'unsigned char', possible loss of data
C:\Users\daniel\Desktop\Coding Projects\2_games\shooter game\Engine\Player.cpp(373,16): warning C4244: 'initializing': conversion from 'int' to 'float', possible loss of data
C:\Users\daniel\Desktop\Coding Projects\2_games\shooter game\Engine\Player.cpp(374,16): warning C4244: 'initializing': conversion from 'int' to 'float', possible loss of data
C:\Users\daniel\Desktop\Coding Projects\2_games\shooter game\Engine\Player.cpp(574,20): warning C4244: 'initializing': conversion from 'int' to 'float', possible loss of data
  Reticle.cpp
  Engine.vcxproj -> C:\Users\daniel\Desktop\Coding Projects\2_games\shooter game\Debug\Engine.exe
